<?xml version="1.0" encoding="UTF-8"?>
<testsuite xmlns:xsi="http://www.w3.org/2001/XMLSchema-instance" xsi:noNamespaceSchemaLocation="https://maven.apache.org/surefire/maven-surefire-plugin/xsd/surefire-test-report.xsd" version="3.0.2" name="com.bibliotech.login.LoginApplicationTests" time="28.939" tests="1" errors="0" skipped="0" failures="0">
  <properties>
[...]
</properties>
  <testcase name="contextLoads" classname="com.bibliotech.login.LoginApplicationTests" time="9.097">
    <system-out><![CDATA[18:24:58.487 [main] INFO org.springframework.test.context.support.AnnotationConfigContextLoaderUtils -- Could not detect default configuration classes for test class [com.bibliotech.login.LoginApplicationTests]: LoginApplicationTests does not declare any static, non-private, non-final, nested classes annotated with @Configuration.
18:24:59.069 [main] INFO org.springframework.boot.test.context.SpringBootTestContextBootstrapper -- Found @SpringBootConfiguration com.bibliotech.login.LoginApplication for test class com.bibliotech.login.LoginApplicationTests
18:25:01.707 [main] INFO org.springframework.boot.devtools.restart.RestartApplicationListener -- Restart disabled due to context in which it is running

  .   ____          _            __ _ _
 /\\ / ___'_ __ _ _(_)_ __  __ _ \ \ \ \
( ( )\___ | '_ | '_| | '_ \/ _` | \ \ \ \
 \\/  ___)| |_)| | | | | || (_| |  ) ) ) )
  '  |____| .__|_| |_|_| |_\__, | / / / /
 =========|_|==============|___/=/_/_/_/

 :: Spring Boot ::                (v3.4.5)

2025-05-20T18:25:09.657+02:00  INFO 536 --- [login] [           main] c.b.login.LoginApplicationTests          : Starting LoginApplicationTests using Java 21.0.7 with PID 536 (started by JONATHAN_RUIZ in C:\Users\JONATHAN_RUIZ\Pictures\dasboard)
2025-05-20T18:25:09.661+02:00  INFO 536 --- [login] [           main] c.b.login.LoginApplicationTests          : No active profile set, falling back to 1 default profile: "default"
2025-05-20T18:25:17.473+02:00  INFO 536 --- [login] [           main] c.b.login.LoginApplicationTests          : Started LoginApplicationTests in 16.061 seconds (process running for 24.667)
]]></system-out>
    <system-err><![CDATA[Mockito is currently self-attaching to enable the inline-mock-maker. This will no longer work in future releases of the JDK. Please add Mockito as an agent to your build what is described in Mockito's documentation: https://javadoc.io/doc/org.mockito/mockito-core/latest/org/mockito/Mockito.html#0.3
WARNING: A Java agent has been loaded dynamically (C:\Users\JONATHAN_RUIZ\.m2\repository\net\bytebuddy\byte-buddy-agent\1.15.11\byte-buddy-agent-1.15.11.jar)
WARNING: If a serviceability tool is in use, please run with -XX:+EnableDynamicAgentLoading to hide this warning
WARNING: If a serviceability tool is not in use, please run with -Djdk.instrument.traceUsage for more information
WARNING: Dynamic loading of agents will be disallowed by default in a future release
]]></system-err>
  </testcase>
</testsuite>